[2026-01-23 06:33:33] [ERROR] Uncaught Exception: syntax error, unexpected token ")", expecting variable {"file":"\/var\/www\/club-Edge\/App\/Models\/Event.php","line":15,"trace":"#0 \/var\/www\/club-Edge\/vendor\/composer\/ClassLoader.php(427): Composer\\Autoload\\{closure}()\n#1 \/var\/www\/club-Edge\/App\/Repositories\/EventRepository.php(254): Composer\\Autoload\\ClassLoader->loadClass()\n#2 \/var\/www\/club-Edge\/App\/Repositories\/EventRepository.php(67): App\\Repositories\\EventRepository->hydrate()\n#3 [internal function]: App\\Repositories\\EventRepository->App\\Repositories\\{closure}()\n#4 \/var\/www\/club-Edge\/App\/Repositories\/EventRepository.php(67): array_map()\n#5 \/var\/www\/club-Edge\/App\/Controllers\/EventController.php(20): App\\Repositories\\EventRepository->findAll()\n#6 \/var\/www\/club-Edge\/core\/Router.php(160): App\\Controllers\\EventController->index()\n#7 \/var\/www\/club-Edge\/core\/Router.php(88): Router->invoke()\n#8 \/var\/www\/club-Edge\/public\/index.php(17): Router->dispatch()\n#9 \/var\/www\/club-Edge\/index.php(7): require('...')\n#10 {main}"}
[2026-01-23 06:35:58] [ERROR] Uncaught Exception: syntax error, unexpected token "`" {"file":"\/var\/www\/club-Edge\/App\/Models\/Event.php","line":170,"trace":"#0 \/var\/www\/club-Edge\/vendor\/composer\/ClassLoader.php(427): Composer\\Autoload\\{closure}()\n#1 \/var\/www\/club-Edge\/App\/Repositories\/EventRepository.php(254): Composer\\Autoload\\ClassLoader->loadClass()\n#2 \/var\/www\/club-Edge\/App\/Repositories\/EventRepository.php(67): App\\Repositories\\EventRepository->hydrate()\n#3 [internal function]: App\\Repositories\\EventRepository->App\\Repositories\\{closure}()\n#4 \/var\/www\/club-Edge\/App\/Repositories\/EventRepository.php(67): array_map()\n#5 \/var\/www\/club-Edge\/App\/Controllers\/EventController.php(20): App\\Repositories\\EventRepository->findAll()\n#6 \/var\/www\/club-Edge\/core\/Router.php(160): App\\Controllers\\EventController->index()\n#7 \/var\/www\/club-Edge\/core\/Router.php(88): Router->invoke()\n#8 \/var\/www\/club-Edge\/public\/index.php(17): Router->dispatch()\n#9 \/var\/www\/club-Edge\/index.php(7): require('...')\n#10 {main}"}
[2026-01-23 06:35:59] [ERROR] Uncaught Exception: syntax error, unexpected token "`" {"file":"\/var\/www\/club-Edge\/App\/Models\/Event.php","line":170,"trace":"#0 \/var\/www\/club-Edge\/vendor\/composer\/ClassLoader.php(427): Composer\\Autoload\\{closure}()\n#1 \/var\/www\/club-Edge\/App\/Repositories\/EventRepository.php(254): Composer\\Autoload\\ClassLoader->loadClass()\n#2 \/var\/www\/club-Edge\/App\/Repositories\/EventRepository.php(67): App\\Repositories\\EventRepository->hydrate()\n#3 [internal function]: App\\Repositories\\EventRepository->App\\Repositories\\{closure}()\n#4 \/var\/www\/club-Edge\/App\/Repositories\/EventRepository.php(67): array_map()\n#5 \/var\/www\/club-Edge\/App\/Controllers\/EventController.php(20): App\\Repositories\\EventRepository->findAll()\n#6 \/var\/www\/club-Edge\/core\/Router.php(160): App\\Controllers\\EventController->index()\n#7 \/var\/www\/club-Edge\/core\/Router.php(88): Router->invoke()\n#8 \/var\/www\/club-Edge\/public\/index.php(17): Router->dispatch()\n#9 \/var\/www\/club-Edge\/index.php(7): require('...')\n#10 {main}"}
[2026-01-23 06:36:00] [ERROR] Uncaught Exception: syntax error, unexpected token "`" {"file":"\/var\/www\/club-Edge\/App\/Models\/Event.php","line":170,"trace":"#0 \/var\/www\/club-Edge\/vendor\/composer\/ClassLoader.php(427): Composer\\Autoload\\{closure}()\n#1 \/var\/www\/club-Edge\/App\/Repositories\/EventRepository.php(254): Composer\\Autoload\\ClassLoader->loadClass()\n#2 \/var\/www\/club-Edge\/App\/Repositories\/EventRepository.php(67): App\\Repositories\\EventRepository->hydrate()\n#3 [internal function]: App\\Repositories\\EventRepository->App\\Repositories\\{closure}()\n#4 \/var\/www\/club-Edge\/App\/Repositories\/EventRepository.php(67): array_map()\n#5 \/var\/www\/club-Edge\/App\/Controllers\/EventController.php(20): App\\Repositories\\EventRepository->findAll()\n#6 \/var\/www\/club-Edge\/core\/Router.php(160): App\\Controllers\\EventController->index()\n#7 \/var\/www\/club-Edge\/core\/Router.php(88): Router->invoke()\n#8 \/var\/www\/club-Edge\/public\/index.php(17): Router->dispatch()\n#9 \/var\/www\/club-Edge\/index.php(7): require('...')\n#10 {main}"}
[2026-01-23 06:36:00] [ERROR] Uncaught Exception: syntax error, unexpected token "`" {"file":"\/var\/www\/club-Edge\/App\/Models\/Event.php","line":170,"trace":"#0 \/var\/www\/club-Edge\/vendor\/composer\/ClassLoader.php(427): Composer\\Autoload\\{closure}()\n#1 \/var\/www\/club-Edge\/App\/Repositories\/EventRepository.php(254): Composer\\Autoload\\ClassLoader->loadClass()\n#2 \/var\/www\/club-Edge\/App\/Repositories\/EventRepository.php(67): App\\Repositories\\EventRepository->hydrate()\n#3 [internal function]: App\\Repositories\\EventRepository->App\\Repositories\\{closure}()\n#4 \/var\/www\/club-Edge\/App\/Repositories\/EventRepository.php(67): array_map()\n#5 \/var\/www\/club-Edge\/App\/Controllers\/EventController.php(20): App\\Repositories\\EventRepository->findAll()\n#6 \/var\/www\/club-Edge\/core\/Router.php(160): App\\Controllers\\EventController->index()\n#7 \/var\/www\/club-Edge\/core\/Router.php(88): Router->invoke()\n#8 \/var\/www\/club-Edge\/public\/index.php(17): Router->dispatch()\n#9 \/var\/www\/club-Edge\/index.php(7): require('...')\n#10 {main}"}
[2026-01-23 06:36:00] [ERROR] Uncaught Exception: syntax error, unexpected token "`" {"file":"\/var\/www\/club-Edge\/App\/Models\/Event.php","line":170,"trace":"#0 \/var\/www\/club-Edge\/vendor\/composer\/ClassLoader.php(427): Composer\\Autoload\\{closure}()\n#1 \/var\/www\/club-Edge\/App\/Repositories\/EventRepository.php(254): Composer\\Autoload\\ClassLoader->loadClass()\n#2 \/var\/www\/club-Edge\/App\/Repositories\/EventRepository.php(67): App\\Repositories\\EventRepository->hydrate()\n#3 [internal function]: App\\Repositories\\EventRepository->App\\Repositories\\{closure}()\n#4 \/var\/www\/club-Edge\/App\/Repositories\/EventRepository.php(67): array_map()\n#5 \/var\/www\/club-Edge\/App\/Controllers\/EventController.php(20): App\\Repositories\\EventRepository->findAll()\n#6 \/var\/www\/club-Edge\/core\/Router.php(160): App\\Controllers\\EventController->index()\n#7 \/var\/www\/club-Edge\/core\/Router.php(88): Router->invoke()\n#8 \/var\/www\/club-Edge\/public\/index.php(17): Router->dispatch()\n#9 \/var\/www\/club-Edge\/index.php(7): require('...')\n#10 {main}"}
[2026-01-23 06:36:00] [ERROR] Uncaught Exception: syntax error, unexpected token "`" {"file":"\/var\/www\/club-Edge\/App\/Models\/Event.php","line":170,"trace":"#0 \/var\/www\/club-Edge\/vendor\/composer\/ClassLoader.php(427): Composer\\Autoload\\{closure}()\n#1 \/var\/www\/club-Edge\/App\/Repositories\/EventRepository.php(254): Composer\\Autoload\\ClassLoader->loadClass()\n#2 \/var\/www\/club-Edge\/App\/Repositories\/EventRepository.php(67): App\\Repositories\\EventRepository->hydrate()\n#3 [internal function]: App\\Repositories\\EventRepository->App\\Repositories\\{closure}()\n#4 \/var\/www\/club-Edge\/App\/Repositories\/EventRepository.php(67): array_map()\n#5 \/var\/www\/club-Edge\/App\/Controllers\/EventController.php(20): App\\Repositories\\EventRepository->findAll()\n#6 \/var\/www\/club-Edge\/core\/Router.php(160): App\\Controllers\\EventController->index()\n#7 \/var\/www\/club-Edge\/core\/Router.php(88): Router->invoke()\n#8 \/var\/www\/club-Edge\/public\/index.php(17): Router->dispatch()\n#9 \/var\/www\/club-Edge\/index.php(7): require('...')\n#10 {main}"}
[2026-01-23 06:36:01] [ERROR] Uncaught Exception: syntax error, unexpected token "`" {"file":"\/var\/www\/club-Edge\/App\/Models\/Event.php","line":170,"trace":"#0 \/var\/www\/club-Edge\/vendor\/composer\/ClassLoader.php(427): Composer\\Autoload\\{closure}()\n#1 \/var\/www\/club-Edge\/App\/Repositories\/EventRepository.php(254): Composer\\Autoload\\ClassLoader->loadClass()\n#2 \/var\/www\/club-Edge\/App\/Repositories\/EventRepository.php(67): App\\Repositories\\EventRepository->hydrate()\n#3 [internal function]: App\\Repositories\\EventRepository->App\\Repositories\\{closure}()\n#4 \/var\/www\/club-Edge\/App\/Repositories\/EventRepository.php(67): array_map()\n#5 \/var\/www\/club-Edge\/App\/Controllers\/EventController.php(20): App\\Repositories\\EventRepository->findAll()\n#6 \/var\/www\/club-Edge\/core\/Router.php(160): App\\Controllers\\EventController->index()\n#7 \/var\/www\/club-Edge\/core\/Router.php(88): Router->invoke()\n#8 \/var\/www\/club-Edge\/public\/index.php(17): Router->dispatch()\n#9 \/var\/www\/club-Edge\/index.php(7): require('...')\n#10 {main}"}
[2026-01-23 06:36:15] [ERROR] Uncaught Exception: View not found: events/index {"file":"\/var\/www\/club-Edge\/core\/Controller.php","line":59,"trace":"#0 \/var\/www\/club-Edge\/core\/Controller.php(89): Controller->render()\n#1 \/var\/www\/club-Edge\/App\/Controllers\/EventController.php(26): Controller->renderWithLayout()\n#2 \/var\/www\/club-Edge\/core\/Router.php(160): App\\Controllers\\EventController->index()\n#3 \/var\/www\/club-Edge\/core\/Router.php(88): Router->invoke()\n#4 \/var\/www\/club-Edge\/public\/index.php(17): Router->dispatch()\n#5 \/var\/www\/club-Edge\/index.php(7): require('...')\n#6 {main}"}
[2026-01-23 06:36:57] [ERROR] Uncaught Exception: View not found: events/index {"file":"\/var\/www\/club-Edge\/core\/Controller.php","line":59,"trace":"#0 \/var\/www\/club-Edge\/core\/Controller.php(89): Controller->render()\n#1 \/var\/www\/club-Edge\/App\/Controllers\/EventController.php(26): Controller->renderWithLayout()\n#2 \/var\/www\/club-Edge\/core\/Router.php(160): App\\Controllers\\EventController->index()\n#3 \/var\/www\/club-Edge\/core\/Router.php(88): Router->invoke()\n#4 \/var\/www\/club-Edge\/public\/index.php(17): Router->dispatch()\n#5 \/var\/www\/club-Edge\/index.php(7): require('...')\n#6 {main}"}
[2026-01-23 06:40:44] [ERROR] Uncaught Exception: App\Controllers\EventController::show(): Argument #1 ($id) must be of type int, string given, called in /var/www/club-Edge/core/Router.php on line 160 {"file":"\/var\/www\/club-Edge\/App\/Controllers\/EventController.php","line":72,"trace":"#0 \/var\/www\/club-Edge\/core\/Router.php(160): App\\Controllers\\EventController->show()\n#1 \/var\/www\/club-Edge\/core\/Router.php(88): Router->invoke()\n#2 \/var\/www\/club-Edge\/public\/index.php(17): Router->dispatch()\n#3 \/var\/www\/club-Edge\/index.php(7): require('...')\n#4 {main}"}
